Gecko.Droid.Common.Views.AbstractActivity:onCreateOptionsMenu
Gecko.Droid.Common.Views.AbstractActivity:onOptionsItemSelected
Gecko.Droid.Common.Views.AbstractListActivity:onCreateOptionsMenu
Gecko.Droid.Common.Views.AbstractListActivity:onOptionsItemSelected
android.support.v4.app.ActionBarDrawerToggle:onOptionsItemSelected
android.support.v4.app.Fragment:onCreateContextMenu
android.support.v4.app.Fragment:onCreateOptionsMenu
android.support.v4.app.Fragment:onOptionsItemSelected
android.support.v7.app.ActionBarDrawerToggle:onOptionsItemSelected
cc.primevision.andosc.Main:onCreateOptionsMenu
cc.primevision.andosc.Main:onOptionsItemSelected
com.a4droid.sql_reference.activities.FeedbackActivity:onCreateOptionsMenu
com.a4droid.sql_reference.activities.FeedbackActivity:onOptionsItemSelected
com.a4droid.sql_reference.activities.ListActivity:onCreateOptionsMenu
com.a4droid.sql_reference.activities.ListActivity:onOptionsItemSelected
com.a4droid.sql_reference.activities.MainActivity:onCreateOptionsMenu
com.a4droid.sql_reference.activities.MainActivity:onOptionsItemSelected
com.a4droid.sql_reference.activities.PreferencesActivity:onOptionsItemSelected
com.a4droid.sql_reference.activities.QueriesHistoryActivity:onCreateContextMenu
com.a4droid.sql_reference.activities.QueriesHistoryActivity:onCreateOptionsMenu
com.a4droid.sql_reference.activities.QueriesHistoryActivity:onOptionsItemSelected
com.a4droid.sql_reference.activities.SearchResultsActivity:onCreateOptionsMenu
com.a4droid.sql_reference.activities.TrainingActivity:onCreateOptionsMenu
com.a4droid.sql_reference.activities.TrainingActivity:onOptionsItemSelected
com.a4droid.sql_reference.activities.ViewPageActivity:onCreateOptionsMenu
com.a4droid.sql_reference.activities.ViewPageActivity:onOptionsItemSelected
com.ajas.CoinFlipFullFree.TouchRotateActivity:onCreateOptionsMenu
com.ajas.CoinFlipFullFree.TouchRotateActivity:onOptionsItemSelected
com.bleyl.recurrence.activities.AboutActivity:onOptionsItemSelected
com.bleyl.recurrence.activities.CreateEditActivity:onCreateOptionsMenu
com.bleyl.recurrence.activities.CreateEditActivity:onOptionsItemSelected
com.bleyl.recurrence.activities.MainActivity:onCreateOptionsMenu
com.bleyl.recurrence.activities.MainActivity:onOptionsItemSelected
com.bleyl.recurrence.activities.PreferenceActivity:onOptionsItemSelected
com.bleyl.recurrence.activities.ViewActivity:onCreateOptionsMenu
com.bleyl.recurrence.activities.ViewActivity:onOptionsItemSelected
com.cg.stickynote.MainActivity:onCreateOptionsMenu
com.chartcross.gpstest.GPSTest:onCreateOptionsMenu
com.chartcross.gpstest.GPSTest:onOptionsItemSelected
com.diotasoft.spark.SettingsActivity:onCreateOptionsMenu
com.diotasoft.spark.SettingsActivity:onOptionsItemSelected
com.diotasoft.spark.spark:onCreateOptionsMenu
com.diotasoft.spark.spark:onOptionsItemSelected
com.diotasoft.spark.sparkhide:onCreateOptionsMenu
com.diotasoft.spark.sparkhide:onOptionsItemSelected
com.galaxyodyssey.pushgenius.GameScreen:onCreateOptionsMenu
com.galaxyodyssey.pushgenius.GameScreen:onOptionsItemSelected
com.hanoi.hanoi:onCreateOptionsMenu
com.hanoi.hanoi:onOptionsItemSelected
com.homesdk.moreapp.MoreAppScreen:onCreateOptionsMenu
com.kineticfoundry.ripple0beta.Welcome:onCreateOptionsMenu
com.kineticfoundry.ripple0beta.Welcome:onOptionsItemSelected
com.laan.hacky.HackySack:onCreateOptionsMenu
com.laan.hacky.HackySack:onOptionsItemSelected
com.mobclix.android.sdk.MobclixBrowserActivity:onCreateOptionsMenu
com.mobclix.android.sdk.MobclixBrowserActivity:onOptionsItemSelected
com.naman14.stools.MainActivity:onCreateOptionsMenu
com.naman14.stools.MainActivity:onOptionsItemSelected
com.naman14.stools.fragments.ColorPickerFragment:onCreateOptionsMenu
com.naman14.stools.fragments.ColorPickerFragment:onOptionsItemSelected
com.naman14.stools.fragments.CpuFragment:onCreateOptionsMenu
com.naman14.stools.fragments.CpuFragment:onOptionsItemSelected
com.naman14.stools.location.LocationActivity:onOptionsItemSelected
com.naman14.stools.sensors.SensorGraphActivity:onOptionsItemSelected
com.nixon.eval.Eval:onCreateContextMenu
com.nixon.eval.Eval:onCreateOptionsMenu
com.nixon.eval.Eval:onOptionsItemSelected
com.nixon.eval.a:onCreateContextMenu
com.nixon.eval.c:onCreateContextMenu
com.pandapow.vpn.PandaPow:onCreateOptionsMenu
com.phellax.drum.Main:onCreateContextMenu
com.phellax.drum.Main:onCreateOptionsMenu
com.phellax.drum.Main:onOptionsItemSelected
com.pilot51.coinfliplib.Main:onCreateOptionsMenu
com.pilot51.coinfliplib.Main:onOptionsItemSelected
com.secuso.torchlight2.MainActivity:onCreateOptionsMenu
com.secuso.torchlight2.MainActivity:onOptionsItemSelected
com.tof.myquran.BacaQuranActivity:onCreateOptionsMenu
com.tof.myquran.BacaQuranActivity:onOptionsItemSelected
com.twobitinc.cornholescore.ScoreActivity:onCreateOptionsMenu
com.twobitinc.cornholescore.ScoreActivity:onOptionsItemSelected
com.unicornrobot.instantzing.InstantZing:onCreateOptionsMenu
com.unicornrobot.instantzing.InstantZing:onOptionsItemSelected
com.youthhr.phonto.PhontoActivity:onCreateOptionsMenu
com.youthhr.phonto.PhontoActivity:onOptionsItemSelected
com.youthhr.phonto.image.ImageActivity:onCreateOptionsMenu
com.youthhr.phonto.image.ImageActivity:onOptionsItemSelected
de.ub0r.android.smsdroid.ConversationList:onCreateOptionsMenu
de.ub0r.android.smsdroid.ConversationList:onOptionsItemSelected
de.ub0r.android.smsdroid.MessageList:onCreateOptionsMenu
de.ub0r.android.smsdroid.MessageList:onOptionsItemSelected
mobi.infolife.installer.InstallerActivity:onCreateOptionsMenu
mobi.infolife.installer.InstallerActivity:onOptionsItemSelected
net.kreci.crackedscreen.Main:onCreateOptionsMenu
net.kreci.crackedscreen.Main:onOptionsItemSelected
net.mandaria.tippytipper.activities.SplitBill:onCreateOptionsMenu
net.mandaria.tippytipper.activities.SplitBill:onOptionsItemSelected
net.mandaria.tippytipper.activities.TippyTipper:onCreateOptionsMenu
net.mandaria.tippytipper.activities.TippyTipper:onOptionsItemSelected
net.mandaria.tippytipper.activities.Total:onCreateOptionsMenu
net.mandaria.tippytipper.activities.Total:onOptionsItemSelected
nz.gen.geek_central.ti5x.Main:onCreateContextMenu
nz.gen.geek_central.ti5x.Main:onCreateOptionsMenu
nz.gen.geek_central.ti5x.Main:onOptionsItemSelected
za.co.lukestonehm.logicaldefence.MainActivity:onCreateOptionsMenu
za.co.lukestonehm.logicaldefence.MainActivity:onOptionsItemSelected
